#
# There is insufficient memory for the Java Runtime Environment to continue.
# Native memory allocation (mmap) failed to map 113246208 bytes for committing reserved memory.
# Possible reasons:
#   The system is out of physical RAM or swap space
#   In 32 bit mode, the process size limit was hit
# Possible solutions:
#   Reduce memory load on the system
#   Increase physical memory or swap space
#   Check if swap backing store is full
#   Use 64 bit Java on a 64 bit OS
#   Decrease Java heap size (-Xmx/-Xms)
#   Decrease number of Java threads
#   Decrease Java thread stack sizes (-Xss)
#   Set larger code cache with -XX:ReservedCodeCacheSize=
# This output file may be truncated or incomplete.
#
#  Out of Memory Error (os_linux.cpp:2627), pid=20166, tid=140650540451584
#
# JRE version: Java(TM) SE Runtime Environment (8.0_65-b17) (build 1.8.0_65-b17)
# Java VM: Java HotSpot(TM) 64-Bit Server VM (25.65-b01 mixed mode linux-amd64 compressed oops)
# Failed to write core dump. Core dumps have been disabled. To enable core dumping, try "ulimit -c unlimited" before starting Java again
#

---------------  T H R E A D  ---------------

Current thread (0x00007febd4078000):  VMThread [stack: 0x00007febc1704000,0x00007febc1805000] [id=20178]

Stack: [0x00007febc1704000,0x00007febc1805000],  sp=0x00007febc18031e0,  free space=1020k
Native frames: (J=compiled Java code, j=interpreted, Vv=VM code, C=native code)
V  [libjvm.so+0xab97ea]  VMError::report_and_die()+0x2ba
V  [libjvm.so+0x4f9dcb]  report_vm_out_of_memory(char const*, int, unsigned long, VMErrorType, char const*)+0x8b
V  [libjvm.so+0x91a7c3]  os::Linux::commit_memory_impl(char*, unsigned long, bool)+0x103
V  [libjvm.so+0x91ad19]  os::pd_commit_memory(char*, unsigned long, unsigned long, bool)+0x29
V  [libjvm.so+0x91502a]  os::commit_memory(char*, unsigned long, unsigned long, bool)+0x2a
V  [libjvm.so+0x9886d3]  PSVirtualSpace::expand_by(unsigned long)+0x53
V  [libjvm.so+0x989ad8]  PSYoungGen::resize_generation(unsigned long, unsigned long)+0xf8
V  [libjvm.so+0x988c32]  PSYoungGen::resize(unsigned long, unsigned long)+0x22
V  [libjvm.so+0x985f0b]  PSScavenge::invoke_no_policy()+0xf3b
V  [libjvm.so+0x986691]  PSScavenge::invoke()+0x41
V  [libjvm.so+0x93e430]  ParallelScavengeHeap::failed_mem_allocate(unsigned long)+0x70
V  [libjvm.so+0xabb207]  VM_ParallelGCFailedAllocation::doit()+0x97
V  [libjvm.so+0xac2c35]  VM_Operation::evaluate()+0x55
V  [libjvm.so+0xac100a]  VMThread::evaluate_operation(VM_Operation*)+0xba
V  [libjvm.so+0xac138e]  VMThread::loop()+0x1ce
V  [libjvm.so+0xac1800]  VMThread::run()+0x70
V  [libjvm.so+0x91cb88]  java_start(Thread*)+0x108

VM_Operation (0x00007febc0254b20): ParallelGCFailedAllocation, mode: safepoint, requested by thread 0x00007feb88002800


---------------  P R O C E S S  ---------------

Java Threads: ( => current thread )
  0x00007feb88002800 JavaThread "localhost-startStop-1" daemon [_thread_blocked, id=20188, stack(0x00007febc0156000,0x00007febc0257000)]
  0x00007febd4488800 JavaThread "console-engine-startStop-1" daemon [_thread_blocked, id=20187, stack(0x00007febc0257000,0x00007febc0358000)]
  0x00007febd40c6000 JavaThread "Service Thread" daemon [_thread_blocked, id=20185, stack(0x00007febc0cdf000,0x00007febc0de0000)]
  0x00007febd40c1000 JavaThread "C1 CompilerThread2" daemon [_thread_blocked, id=20184, stack(0x00007febc0de0000,0x00007febc0ee1000)]
  0x00007febd40bf800 JavaThread "C2 CompilerThread1" daemon [_thread_blocked, id=20183, stack(0x00007febc0ee1000,0x00007febc0fe2000)]
  0x00007febd40bc800 JavaThread "C2 CompilerThread0" daemon [_thread_in_native, id=20182, stack(0x00007febc0fe2000,0x00007febc10e3000)]
  0x00007febd40bb000 JavaThread "Signal Dispatcher" daemon [_thread_blocked, id=20181, stack(0x00007febc10e3000,0x00007febc11e4000)]
  0x00007febd407f000 JavaThread "Finalizer" daemon [_thread_blocked, id=20180, stack(0x00007febc1502000,0x00007febc1603000)]
  0x00007febd407d000 JavaThread "Reference Handler" daemon [_thread_blocked, id=20179, stack(0x00007febc1603000,0x00007febc1704000)]
  0x00007febd400a000 JavaThread "main" [_thread_blocked, id=20173, stack(0x00007febdcf0b000,0x00007febdd00c000)]

Other Threads:
=>0x00007febd4078000 VMThread [stack: 0x00007febc1704000,0x00007febc1805000] [id=20178]
  0x00007febd40c9000 WatcherThread [stack: 0x00007febc0bde000,0x00007febc0cdf000] [id=20186]

VM state:at safepoint (normal execution)

VM Mutex/Monitor currently owned by a thread:  ([mutex/lock_event])
[0x00007febd4006680] Threads_lock - owner thread: 0x00007febd4078000
[0x00007febd4006b80] Heap_lock - owner thread: 0x00007feb88002800

Heap:
 PSYoungGen      total 105984K, used 9206K [0x00000000e0e00000, 0x00000000e8000000, 0x0000000100000000)
  eden space 96768K, 0% used [0x00000000e0e00000,0x00000000e0e00000,0x00000000e6c80000)
  from space 9216K, 99% used [0x00000000e6c80000,0x00000000e757da40,0x00000000e7580000)
  to   space 7680K, 0% used [0x00000000e7580000,0x00000000e7580000,0x00000000e7d00000)
 ParOldGen       total 64512K, used 24006K [0x00000000a2a00000, 0x00000000a6900000, 0x00000000e0e00000)
  object space 64512K, 37% used [0x00000000a2a00000,0x00000000a4171a98,0x00000000a6900000)
 Metaspace       used 12744K, capacity 12908K, committed 13312K, reserved 1060864K
  class space    used 1361K, capacity 1424K, committed 1536K, reserved 1048576K

Card table byte_map: [0x00007febd99e4000,0x00007febd9cd0000] byte_map_base: 0x00007febd94cf000

Marking Bits: (ParMarkBitMap*) 0x00007febdc3dede0
 Begin Bits: [0x00007febc2150000, 0x00007febc38a8000)
 End Bits:   [0x00007febc38a8000, 0x00007febc5000000)

Polling page: 0x00007febdd026000

CodeCache: size=245760Kb used=6249Kb max_used=6309Kb free=239510Kb
 bounds [0x00007febc5000000, 0x00007febc5630000, 0x00007febd4000000]
 total_blobs=1878 nmethods=1534 adapters=257
 compilation: enabled

Compilation events (10 events):
Event: 2.069 Thread 0x00007febd40c1000 1539   !   3       sun.net.www.protocol.jar.JarFileFactory::getCachedJarFile (145 bytes)
Event: 2.070 Thread 0x00007febd40c1000 nmethod 1539 0x00007febc55faa10 code [0x00007febc55face0, 0x00007febc55fc338]
Event: 2.312 Thread 0x00007febd40bf800 nmethod 1444% 0x00007febc560cc10 code [0x00007febc560d860, 0x00007febc561c7b0]
Event: 2.312 Thread 0x00007febd40bf800 1496       4       java.util.zip.Inflater::ensureOpen (47 bytes)
Event: 2.313 Thread 0x00007febd40bf800 nmethod 1496 0x00007febc5609d10 code [0x00007febc5609e60, 0x00007febc5609ef8]
Event: 2.313 Thread 0x00007febd40bf800 1538   !   4       java.util.zip.Inflater::inflate (113 bytes)
Event: 2.315 Thread 0x00007febd40bf800 nmethod 1538 0x00007febc560ae90 code [0x00007febc560b000, 0x00007febc560b488]
Event: 2.315 Thread 0x00007febd40bf800 1535       4       java.lang.CharacterDataLatin1::getType (11 bytes)
Event: 2.316 Thread 0x00007febd40bf800 nmethod 1535 0x00007febc560ac10 code [0x00007febc560ad60, 0x00007febc560adf8]
Event: 2.316 Thread 0x00007febd40bf800 1542 % !   4       org.apache.catalina.loader.WebappClassLoaderBase::findResourceInternal @ 626 (1807 bytes)

GC Heap History (10 events):
Event: 1.048 GC heap after
Heap after GC invocations=2 (full 0):
 PSYoungGen      total 28160K, used 3560K [0x00000000e0e00000, 0x00000000e4500000, 0x0000000100000000)
  eden space 24576K, 0% used [0x00000000e0e00000,0x00000000e0e00000,0x00000000e2600000)
  from space 3584K, 99% used [0x00000000e2980000,0x00000000e2cfa078,0x00000000e2d00000)
  to   space 3584K, 0% used [0x00000000e2600000,0x00000000e2600000,0x00000000e2980000)
 ParOldGen       total 64512K, used 6078K [0x00000000a2a00000, 0x00000000a6900000, 0x00000000e0e00000)
  object space 64512K, 9% used [0x00000000a2a00000,0x00000000a2fef9f8,0x00000000a6900000)
 Metaspace       used 12483K, capacity 12710K, committed 13056K, reserved 1060864K
  class space    used 1356K, capacity 1423K, committed 1536K, reserved 1048576K
}
Event: 1.071 GC heap before
{Heap before GC invocations=3 (full 0):
 PSYoungGen      total 28160K, used 28136K [0x00000000e0e00000, 0x00000000e4500000, 0x0000000100000000)
  eden space 24576K, 100% used [0x00000000e0e00000,0x00000000e2600000,0x00000000e2600000)
  from space 3584K, 99% used [0x00000000e2980000,0x00000000e2cfa078,0x00000000e2d00000)
  to   space 3584K, 0% used [0x00000000e2600000,0x00000000e2600000,0x00000000e2980000)
 ParOldGen       total 64512K, used 6078K [0x00000000a2a00000, 0x00000000a6900000, 0x00000000e0e00000)
  object space 64512K, 9% used [0x00000000a2a00000,0x00000000a2fef9f8,0x00000000a6900000)
 Metaspace       used 12497K, capacity 12710K, committed 13056K, reserved 1060864K
  class space    used 1356K, capacity 1423K, committed 1536K, reserved 1048576K
Event: 1.075 GC heap after
Heap after GC invocations=3 (full 0):
 PSYoungGen      total 28160K, used 3561K [0x00000000e0e00000, 0x00000000e4500000, 0x0000000100000000)
  eden space 24576K, 0% used [0x00000000e0e00000,0x00000000e0e00000,0x00000000e2600000)
  from space 3584K, 99% used [0x00000000e2600000,0x00000000e297a578,0x00000000e2980000)
  to   space 3584K, 0% used [0x00000000e4180000,0x00000000e4180000,0x00000000e4500000)
 ParOldGen       total 64512K, used 6178K [0x00000000a2a00000, 0x00000000a6900000, 0x00000000e0e00000)
  object space 64512K, 9% used [0x00000000a2a00000,0x00000000a3008a08,0x00000000a6900000)
 Metaspace       used 12497K, capacity 12710K, committed 13056K, reserved 1060864K
  class space    used 1356K, capacity 1423K, committed 1536K, reserved 1048576K
}
Event: 1.311 GC heap before
{Heap before GC invocations=4 (full 0):
 PSYoungGen      total 28160K, used 28137K [0x00000000e0e00000, 0x00000000e4500000, 0x0000000100000000)
  eden space 24576K, 100% used [0x00000000e0e00000,0x00000000e2600000,0x00000000e2600000)
  from space 3584K, 99% used [0x00000000e2600000,0x00000000e297a578,0x00000000e2980000)
  to   space 3584K, 0% used [0x00000000e4180000,0x00000000e4180000,0x00000000e4500000)
 ParOldGen       total 64512K, used 6178K [0x00000000a2a00000, 0x00000000a6900000, 0x00000000e0e00000)
  object space 64512K, 9% used [0x00000000a2a00000,0x00000000a3008a08,0x00000000a6900000)
 Metaspace       used 12676K, capacity 12844K, committed 13056K, reserved 1060864K
  class space    used 1361K, capacity 1424K, committed 1536K, reserved 1048576K
Event: 1.315 GC heap after
Heap after GC invocations=4 (full 0):
 PSYoungGen      total 52736K, used 3562K [0x00000000e0e00000, 0x00000000e4500000, 0x0000000100000000)
  eden space 49152K, 0% used [0x00000000e0e00000,0x00000000e0e00000,0x00000000e3e00000)
  from space 3584K, 99% used [0x00000000e4180000,0x00000000e44fabf8,0x00000000e4500000)
  to   space 3584K, 0% used [0x00000000e3e00000,0x00000000e3e00000,0x00000000e4180000)
 ParOldGen       total 64512K, used 7690K [0x00000000a2a00000, 0x00000000a6900000, 0x00000000e0e00000)
  object space 64512K, 11% used [0x00000000a2a00000,0x00000000a3182af0,0x00000000a6900000)
 Metaspace       used 12676K, capacity 12844K, committed 13056K, reserved 1060864K
  class space    used 1361K, capacity 1424K, committed 1536K, reserved 1048576K
}
Event: 1.673 GC heap before
{Heap before GC invocations=5 (full 0):
 PSYoungGen      total 52736K, used 52714K [0x00000000e0e00000, 0x00000000e4500000, 0x0000000100000000)
  eden space 49152K, 100% used [0x00000000e0e00000,0x00000000e3e00000,0x00000000e3e00000)
  from space 3584K, 99% used [0x00000000e4180000,0x00000000e44fabf8,0x00000000e4500000)
  to   space 3584K, 0% used [0x00000000e3e00000,0x00000000e3e00000,0x00000000e4180000)
 ParOldGen       total 64512K, used 7690K [0x00000000a2a00000, 0x00000000a6900000, 0x00000000e0e00000)
  object space 64512K, 11% used [0x00000000a2a00000,0x00000000a3182af0,0x00000000a6900000)
 Metaspace       used 12695K, capacity 12908K, committed 13312K, reserved 1060864K
  class space    used 1361K, capacity 1424K, committed 1536K, reserved 1048576K
Event: 1.680 GC heap after
Heap after GC invocations=5 (full 0):
 PSYoungGen      total 52736K, used 3578K [0x00000000e0e00000, 0x00000000e7d00000, 0x0000000100000000)
  eden space 49152K, 0% used [0x00000000e0e00000,0x00000000e0e00000,0x00000000e3e00000)
  from space 3584K, 99% used [0x00000000e3e00000,0x00000000e417ebe8,0x00000000e4180000)
  to   space 7680K, 0% used [0x00000000e7580000,0x00000000e7580000,0x00000000e7d00000)
 ParOldGen       total 64512K, used 9673K [0x00000000a2a00000, 0x00000000a6900000, 0x00000000e0e00000)
  object space 64512K, 14% used [0x00000000a2a00000,0x00000000a3372490,0x00000000a6900000)
 Metaspace       used 12695K, capacity 12908K, committed 13312K, reserved 1060864K
  class space    used 1361K, capacity 1424K, committed 1536K, reserved 1048576K
}
Event: 1.924 GC heap before
{Heap before GC invocations=6 (full 0):
 PSYoungGen      total 52736K, used 52730K [0x00000000e0e00000, 0x00000000e7d00000, 0x0000000100000000)
  eden space 49152K, 100% used [0x00000000e0e00000,0x00000000e3e00000,0x00000000e3e00000)
  from space 3584K, 99% used [0x00000000e3e00000,0x00000000e417ebe8,0x00000000e4180000)
  to   space 7680K, 0% used [0x00000000e7580000,0x00000000e7580000,0x00000000e7d00000)
 ParOldGen       total 64512K, used 9673K [0x00000000a2a00000, 0x00000000a6900000, 0x00000000e0e00000)
  object space 64512K, 14% used [0x00000000a2a00000,0x00000000a3372490,0x00000000a6900000)
 Metaspace       used 12734K, capacity 12908K, committed 13312K, reserved 1060864K
  class space    used 1361K, capacity 1424K, committed 1536K, reserved 1048576K
Event: 1.934 GC heap after
Heap after GC invocations=6 (full 0):
 PSYoungGen      total 104448K, used 7657K [0x00000000e0e00000, 0x00000000e8000000, 0x0000000100000000)
  eden space 96768K, 0% used [0x00000000e0e00000,0x00000000e0e00000,0x00000000e6c80000)
  from space 7680K, 99% used [0x00000000e7580000,0x00000000e7cfa5c0,0x00000000e7d00000)
  to   space 9216K, 0% used [0x00000000e6c80000,0x00000000e6c80000,0x00000000e7580000)
 ParOldGen       total 64512K, used 10771K [0x00000000a2a00000, 0x00000000a6900000, 0x00000000e0e00000)
  object space 64512K, 16% used [0x00000000a2a00000,0x00000000a3484d00,0x00000000a6900000)
 Metaspace       used 12734K, capacity 12908K, committed 13312K, reserved 1060864K
  class space    used 1361K, capacity 1424K, committed 1536K, reserved 1048576K
}
Event: 2.456 GC heap before
{Heap before GC invocations=7 (full 0):
 PSYoungGen      total 104448K, used 104425K [0x00000000e0e00000, 0x00000000e8000000, 0x0000000100000000)
  eden space 96768K, 100% used [0x00000000e0e00000,0x00000000e6c80000,0x00000000e6c80000)
  from space 7680K, 99% used [0x00000000e7580000,0x00000000e7cfa5c0,0x00000000e7d00000)
  to   space 9216K, 0% used [0x00000000e6c80000,0x00000000e6c80000,0x00000000e7580000)
 ParOldGen       total 64512K, used 10771K [0x00000000a2a00000, 0x00000000a6900000, 0x00000000e0e00000)
  object space 64512K, 16% used [0x00000000a2a00000,0x00000000a3484d00,0x00000000a6900000)
 Metaspace       used 12744K, capacity 12908K, committed 13312K, reserved 1060864K
  class space    used 1361K, capacity 1424K, committed 1536K, reserved 1048576K

Deoptimization events (10 events):
Event: 1.215 Thread 0x00007feb88002800 Uncommon trap: reason=bimorphic action=maybe_recompile pc=0x00007febc54c5e1c method=java.io.BufferedInputStream.skip(J)J @ 42
Event: 1.223 Thread 0x00007feb88002800 Uncommon trap: reason=bimorphic action=maybe_recompile pc=0x00007febc54c5e1c method=java.io.BufferedInputStream.skip(J)J @ 42
Event: 1.223 Thread 0x00007feb88002800 Uncommon trap: reason=bimorphic action=maybe_recompile pc=0x00007febc54c5e1c method=java.io.BufferedInputStream.skip(J)J @ 42
Event: 1.225 Thread 0x00007feb88002800 Uncommon trap: reason=bimorphic action=maybe_recompile pc=0x00007febc54c5e1c method=java.io.BufferedInputStream.skip(J)J @ 42
Event: 1.225 Thread 0x00007feb88002800 Uncommon trap: reason=bimorphic action=maybe_recompile pc=0x00007febc54d89f8 method=java.io.BufferedInputStream.skip(J)J @ 42
Event: 1.306 Thread 0x00007feb88002800 Uncommon trap: reason=unloaded action=reinterpret pc=0x00007febc544ea1c method=org.apache.tomcat.util.bcel.classfile.Constant.readConstant(Ljava/io/DataInput;)Lorg/apache/tomcat/util/bcel/classfile/Constant; @ 114
Event: 1.337 Thread 0x00007feb88002800 Uncommon trap: reason=unloaded action=reinterpret pc=0x00007febc558b31c method=org.apache.tomcat.util.bcel.classfile.Constant.readConstant(Ljava/io/DataInput;)Lorg/apache/tomcat/util/bcel/classfile/Constant; @ 132
Event: 1.337 Thread 0x00007feb88002800 Uncommon trap: reason=unstable_if action=reinterpret pc=0x00007febc555cfe8 method=org.apache.tomcat.util.bcel.classfile.ConstantPool.<init>(Ljava/io/DataInput;)V @ 60
Event: 2.282 Thread 0x00007feb88002800 Uncommon trap: reason=bimorphic action=maybe_recompile pc=0x00007febc544cfc0 method=java.io.BufferedInputStream.read1([BII)I @ 39
Event: 2.282 Thread 0x00007feb88002800 Uncommon trap: reason=bimorphic action=maybe_recompile pc=0x00007febc544cfc0 method=java.io.BufferedInputStream.read1([BII)I @ 39

Internal exceptions (10 events):
Event: 0.421 Thread 0x00007febd400a000 Exception <a 'java/lang/ArrayIndexOutOfBoundsException'> (0x00000000e181fc00) thrown at [/HUDSON/workspace/8-2-build-linux-amd64/jdk8u65/4987/hotspot/src/share/vm/runtime/sharedRuntime.cpp, line 605]
Event: 0.421 Thread 0x00007febd400a000 Exception <a 'java/lang/ArrayIndexOutOfBoundsException'> (0x00000000e1820e68) thrown at [/HUDSON/workspace/8-2-build-linux-amd64/jdk8u65/4987/hotspot/src/share/vm/runtime/sharedRuntime.cpp, line 605]
Event: 0.422 Thread 0x00007febd400a000 Exception <a 'java/lang/ArrayIndexOutOfBoundsException'> (0x00000000e1822490) thrown at [/HUDSON/workspace/8-2-build-linux-amd64/jdk8u65/4987/hotspot/src/share/vm/runtime/sharedRuntime.cpp, line 605]
Event: 0.428 Thread 0x00007febd400a000 Exception <a 'java/lang/ArrayIndexOutOfBoundsException'> (0x00000000e1847eb8) thrown at [/HUDSON/workspace/8-2-build-linux-amd64/jdk8u65/4987/hotspot/src/share/vm/runtime/sharedRuntime.cpp, line 605]
Event: 0.435 Thread 0x00007febd400a000 Exception <a 'java/lang/ArrayIndexOutOfBoundsException'> (0x00000000e18583d0) thrown at [/HUDSON/workspace/8-2-build-linux-amd64/jdk8u65/4987/hotspot/src/share/vm/runtime/sharedRuntime.cpp, line 605]
Event: 0.607 Thread 0x00007febd400a000 Implicit null exception at 0x00007febc532bdf5 to 0x00007febc532bff1
Event: 0.747 Thread 0x00007feb88002800 Implicit null exception at 0x00007febc520a9b5 to 0x00007febc520ad01
Event: 0.747 Thread 0x00007feb88002800 Implicit null exception at 0x00007febc51e7bf5 to 0x00007febc51e7f2d
Event: 0.962 Thread 0x00007feb88002800 Exception <a 'java/io/FileNotFoundException'> (0x00000000e1c00518) thrown at [/HUDSON/workspace/8-2-build-linux-amd64/jdk8u65/4987/hotspot/src/share/vm/prims/jni.cpp, line 709]
Event: 1.029 Thread 0x00007feb88002800 Exception <a 'java/io/FileNotFoundException'> (0x00000000e248f718) thrown at [/HUDSON/workspace/8-2-build-linux-amd64/jdk8u65/4987/hotspot/src/share/vm/prims/jni.cpp, line 709]

Events (10 events):
Event: 1.721 Thread 0x00007feb88002800 DEOPT UNPACKING pc=0x00007febc5047633 sp=0x00007febc0253970 mode 0
Event: 1.924 Executing VM operation: ParallelGCFailedAllocation
Event: 1.934 Executing VM operation: ParallelGCFailedAllocation done
Event: 2.282 Thread 0x00007feb88002800 Uncommon trap: trap_request=0xffffffc6 fr.pc=0x00007febc544cfc0
Event: 2.282 Thread 0x00007feb88002800 DEOPT PACKING pc=0x00007febc544cfc0 sp=0x00007febc0254bb0
Event: 2.282 Thread 0x00007feb88002800 DEOPT UNPACKING pc=0x00007febc5005229 sp=0x00007febc0254a78 mode 2
Event: 2.282 Thread 0x00007feb88002800 Uncommon trap: trap_request=0xffffffc6 fr.pc=0x00007febc544cfc0
Event: 2.282 Thread 0x00007feb88002800 DEOPT PACKING pc=0x00007febc544cfc0 sp=0x00007febc0254bb0
Event: 2.282 Thread 0x00007feb88002800 DEOPT UNPACKING pc=0x00007febc5005229 sp=0x00007febc0254a78 mode 2
Event: 2.456 Executing VM operation: ParallelGCFailedAllocation


Dynamic libraries:
00400000-00401000 r-xp 00000000 08:01 407804                             /home/vagrant/java/jdk1.8.0_65/bin/java
00600000-00601000 rw-p 00000000 08:01 407804                             /home/vagrant/java/jdk1.8.0_65/bin/java
0136a000-0138b000 rw-p 00000000 00:00 0                                  [heap]
a2a00000-a6900000 rw-p 00000000 00:00 0 
a6900000-e0e00000 ---p 00000000 00:00 0 
e0e00000-e8000000 rw-p 00000000 00:00 0 
eec00000-100000000 ---p 00000000 00:00 0 
100000000-100180000 rw-p 00000000 00:00 0 
100180000-140000000 ---p 00000000 00:00 0 
7feb7c000000-7feb7c32b000 rw-p 00000000 00:00 0 
7feb7c32b000-7feb80000000 ---p 00000000 00:00 0 
7feb84000000-7feb84021000 rw-p 00000000 00:00 0 
7feb84021000-7feb88000000 ---p 00000000 00:00 0 
7feb88000000-7feb88021000 rw-p 00000000 00:00 0 
7feb88021000-7feb8c000000 ---p 00000000 00:00 0 
7feb8c000000-7feb8cb9c000 rw-p 00000000 00:00 0 
7feb8cb9c000-7feb90000000 ---p 00000000 00:00 0 
7feb90000000-7feb90021000 rw-p 00000000 00:00 0 
7feb90021000-7feb94000000 ---p 00000000 00:00 0 
7feb94000000-7feb95ac3000 rw-p 00000000 00:00 0 
7feb95ac3000-7feb98000000 ---p 00000000 00:00 0 
7feb98000000-7feb9a214000 rw-p 00000000 00:00 0 
7feb9a214000-7feb9c000000 ---p 00000000 00:00 0 
7feb9c000000-7feb9c021000 rw-p 00000000 00:00 0 
7feb9c021000-7feba0000000 ---p 00000000 00:00 0 
7feba0000000-7feba0021000 rw-p 00000000 00:00 0 
7feba0021000-7feba4000000 ---p 00000000 00:00 0 
7feba4000000-7feba428a000 rw-p 00000000 00:00 0 
7feba428a000-7feba8000000 ---p 00000000 00:00 0 
7feba8000000-7feba8021000 rw-p 00000000 00:00 0 
7feba8021000-7febac000000 ---p 00000000 00:00 0 
7febac000000-7febac021000 rw-p 00000000 00:00 0 
7febac021000-7febb0000000 ---p 00000000 00:00 0 
7febb0000000-7febb0021000 rw-p 00000000 00:00 0 
7febb0021000-7febb4000000 ---p 00000000 00:00 0 
7febb4000000-7febb4021000 rw-p 00000000 00:00 0 
7febb4021000-7febb8000000 ---p 00000000 00:00 0 
7febbb9e1000-7febbb9e2000 rw-p 00000000 00:00 0 
7febbb9e2000-7febbb9e9000 r--s 0009b000 08:01 2422984                    /home/vagrant/wbs-hades/work/test/tomcat/apps/console/ROOT/WEB-INF/lib/xom-source-1.2.10.jar
7febbb9e9000-7febbb9ed000 r--s 0006d000 08:01 2422983                    /home/vagrant/wbs-hades/work/test/tomcat/apps/console/ROOT/WEB-INF/lib/xom-javadoc-1.2.10.jar
7febbb9ed000-7febbb9f4000 r--s 00046000 08:01 2422981                    /home/vagrant/wbs-hades/work/test/tomcat/apps/console/ROOT/WEB-INF/lib/xom-jar-1.2.10.jar
7febbb9f4000-7febbb9f6000 r--s 00013000 08:01 2422980                    /home/vagrant/wbs-hades/work/test/tomcat/apps/console/ROOT/WEB-INF/lib/xml-resolver-jar-1.2.jar
7febbb9f6000-7febbb9ff000 r--s 0002d000 08:01 2422979                    /home/vagrant/wbs-hades/work/test/tomcat/apps/console/ROOT/WEB-INF/lib/xml-apis-jar-1.4.01.jar
7febbb9ff000-7febbba18000 r--s 00134000 08:01 2422978                    /home/vagrant/wbs-hades/work/test/tomcat/apps/console/ROOT/WEB-INF/lib/xercesImpl-jar-2.10.0.jar
7febbba18000-7febbba3d000 r--s 002e3000 08:01 2422977                    /home/vagrant/wbs-hades/work/test/tomcat/apps/console/ROOT/WEB-INF/lib/xalan-jar-2.7.1.jar
7febbba3d000-7febbba43000 r--s 00071000 08:01 2422976                    /home/vagrant/wbs-hades/work/test/tomcat/apps/console/ROOT/WEB-INF/lib/woodstox-core-asl-jar-4.3.0.jar
7febbba43000-7febbba47000 r--s 0000c000 08:01 2422975                    /home/vagrant/wbs-hades/work/test/tomcat/apps/console/ROOT/WEB-INF/lib/validation-api-jar-1.1.0.Final.jar
7febbba47000-7febbba4a000 r--s 00008000 08:01 2422974                    /home/vagrant/wbs-hades/work/test/tomcat/apps/console/ROOT/WEB-INF/lib/usertype.spi-jar-2.0.1.jar
7febbba4a000-7febbba4d000 r--s 0000c000 08:01 2422973                    /home/vagrant/wbs-hades/work/test/tomcat/apps/console/ROOT/WEB-INF/lib/usertype.jodatime-source-2.0.1.jar
7febbba4d000-7febbba5a000 r--s 000f2000 08:01 2422966                    /home/vagrant/wbs-hades/work/test/tomcat/apps/console/ROOT/WEB-INF/lib/usertype.jodatime-javadoc-2.0.1.jar
7febbba5a000-7febbba5d000 r--s 0000c000 08:01 2422965                    /home/vagrant/wbs-hades/work/test/tomcat/apps/console/ROOT/WEB-INF/lib/usertype.jodatime-jar-2.0.1.jar
7febbba5d000-7febbba5f000 r--s 0000f000 08:01 2422964                    /home/vagrant/wbs-hades/work/test/tomcat/apps/console/ROOT/WEB-INF/lib/txw2-jar-2.2.11.jar
7febbba5f000-7febbba61000 r--s 00013000 08:01 2422963                    /home/vagrant/wbs-hades/work/test/tomcat/apps/console/ROOT/WEB-INF/lib/tomcat-embed-logging-log4j-jar-7.0.67.jar
7febbba61000-7febbba63000 r--s 00008000 08:01 2422962                    /home/vagrant/wbs-hades/work/test/tomcat/apps/console/ROOT/WEB-INF/lib/tomcat-embed-logging-juli-jar-7.0.67.jar
7febbba63000-7febbba79000 r--s 00239000 08:01 2422961                    /home/vagrant/wbs-hades/work/test/tomcat/apps/console/ROOT/WEB-INF/lib/tomcat-embed-core-source-7.0.67.jar
7febbba79000-7febbba9a000 r--s 0026c000 08:01 2422960                    /home/vagrant/wbs-hades/work/test/tomcat/apps/console/ROOT/WEB-INF/lib/tomcat-embed-core-jar-7.0.67.jar
7febbba9a000-7febbba9e000 r--s 00024000 08:01 2422959                    /home/vagrant/wbs-hades/work/test/tomcat/apps/console/ROOT/WEB-INF/lib/stax2-api-bundle-3.1.4.jar
7febbba9e000-7febbbaa0000 r--s 00007000 08:01 2422958                    /home/vagrant/wbs-hades/work/test/tomcat/apps/console/ROOT/WEB-INF/lib/stax-ex-jar-1.7.7.jar
7febbbaa0000-7febbbaa2000 r--s 00004000 08:01 2422957                    /home/vagrant/wbs-hades/work/test/tomcat/apps/console/ROOT/WEB-INF/lib/stax-api-jar-1.0-2.jar
7febbbaa2000-7febbbaa5000 r--s 0008f000 08:01 2422956                    /home/vagrant/wbs-hades/work/test/tomcat/apps/console/ROOT/WEB-INF/lib/snappy-java-bundle-1.1.1.7.jar
7febbbaa5000-7febbbaab000 r--s 0003c000 08:01 2422955                    /home/vagrant/wbs-hades/work/test/tomcat/apps/console/ROOT/WEB-INF/lib/snakeyaml-bundle-1.15.jar
7febbbaab000-7febbbaac000 r--s 00007000 08:01 2422954                    /home/vagrant/wbs-hades/work/test/tomcat/apps/console/ROOT/WEB-INF/lib/slf4j-api-jar-1.7.12.jar
7febbbaac000-7febbbaaf000 r--s 00041000 08:01 2422953                    /home/vagrant/wbs-hades/work/test/tomcat/apps/console/ROOT/WEB-INF/lib/serializer-jar-2.7.1.jar
7febbbaaf000-7febbbab5000 r--s 000a6000 08:01 2422952                    /home/vagrant/wbs-hades/work/test/tomcat/apps/console/ROOT/WEB-INF/lib/postgresql-source-9.4.1207.jre7.jar
7febbbab5000-7febbbac0000 r--s 00117000 08:01 2422951                    /home/vagrant/wbs-hades/work/test/tomcat/apps/console/ROOT/WEB-INF/lib/postgresql-javadoc-9.4.1207.jre7.jar
7febbbac0000-7febbbac7000 r--s 0008e000 08:01 2422950                    /home/vagrant/wbs-hades/work/test/tomcat/apps/console/ROOT/WEB-INF/lib/postgresql-bundle-9.4.1207.jre7.jar
7febbbac7000-7febbbac9000 r--s 00003000 08:01 2422949                    /home/vagrant/wbs-hades/work/test/tomcat/apps/console/ROOT/WEB-INF/lib/portlet-api-jar-1.0.jar
7febbbac9000-7febbbacb000 r--s 00004000 08:01 2422948                    /home/vagrant/wbs-hades/work/test/tomcat/apps/console/ROOT/WEB-INF/lib/permissionssdk-source-2.5.109.jar
7febbbacb000-7febbbace000 r--s 00027000 08:01 2422947                    /home/vagrant/wbs-hades/work/test/tomcat/apps/console/ROOT/WEB-INF/lib/permissionssdk-javadoc-2.5.109.jar
7febbbace000-7febbbad0000 r--s 00007000 08:01 2422946                    /home/vagrant/wbs-hades/work/test/tomcat/apps/console/ROOT/WEB-INF/lib/permissionssdk-jar-2.5.109.jar
7febbbad0000-7febbbad3000 r--s 00018000 08:01 2422945                    /home/vagrant/wbs-hades/work/test/tomcat/apps/console/ROOT/WEB-INF/lib/paypal-core-source-1.6.6.jar
7febbbad3000-7febbbada000 r--s 0007c000 08:01 2422944                    /home/vagrant/wbs-hades/work/test/tomcat/apps/console/ROOT/WEB-INF/lib/paypal-core-javadoc-1.6.6.jar
7febbbada000-7febbbade000 r--s 0001c000 08:01 2422943                    /home/vagrant/wbs-hades/work/test/tomcat/apps/console/ROOT/WEB-INF/lib/paypal-core-jar-1.6.6.jar
7febbbade000-7febbbae0000 r--s 00006000 08:01 2422942                    /home/vagrant/wbs-hades/work/test/tomcat/apps/console/ROOT/WEB-INF/lib/paranamer-jar-2.5.5.jar
7febbbae0000-7febbbaea000 r--s 0004d000 08:01 2422941                    /home/vagrant/wbs-hades/work/test/tomcat/apps/console/ROOT/WEB-INF/lib/org.osgi.enterprise-jar-4.2.0.jar
7febbbaea000-7febbbaf1000 r--s 0004f000 08:01 2422940                    /home/vagrant/wbs-hades/work/test/tomcat/apps/console/ROOT/WEB-INF/lib/org.osgi.core-jar-4.3.1.jar
7febbbaf1000-7febbbb10000 r--s 0014f000 08:01 2422939                    /home/vagrant/wbs-hades/work/test/tomcat/apps/console/ROOT/WEB-INF/lib/mockito-all-jar-1.9.0.jar
7febbbb10000-7febbbb1c000 r--s 00060000 08:01 2422938                    /home/vagrant/wbs-hades/work/test/tomcat/apps/console/ROOT/WEB-INF/lib/merchantsdk-source-2.13.117.jar
7febbbb1c000-7febbbb34000 r--s 0021d000 08:01 2422937                    /home/vagrant/wbs-hades/work/test/tomcat/apps/console/ROOT/WEB-INF/lib/merchantsdk-javadoc-2.13.117.jar
7febbbb34000-7febbbb40000 r--s 0008c000 08:01 2422936                    /home/vagrant/wbs-hades/work/test/tomcat/apps/console/ROOT/WEB-INF/lib/merchantsdk-jar-2.13.117.jar
7febbbb40000-7febbbb42000 r--s 00027000 08:01 2422935                    /home/vagrant/wbs-hades/work/test/tomcat/apps/console/ROOT/WEB-INF/lib/lz4-jar-1.2.0.jar
7febbbb42000-7febbbb4a000 r--s 000b2000 08:01 2422934                    /home/vagrant/wbs-hades/work/test/tomcat/apps/console/ROOT/WEB-INF/lib/lombok-source-1.16.6.jar
7febbbb4a000-7febbbb52000 r--s 000e1000 08:01 2422933                    /home/vagrant/wbs-hades/work/test/tomcat/apps/console/ROOT/WEB-INF/lib/lombok-javadoc-1.16.6.jar
7febbbb52000-7febbbb66000 r--s 0013c000 08:01 2422932                    /home/vagrant/wbs-hades/work/test/tomcat/apps/console/ROOT/WEB-INF/lib/lombok-jar-1.16.6.jar
7febbbb66000-7febbbb77000 r--s 000d1000 08:01 2422931                    /home/vagrant/wbs-hades/work/test/tomcat/apps/console/ROOT/WEB-INF/lib/log4j-core-source-2.5.jar
7febbbb77000-7febbbb9c000 r--s 0033a000 08:01 2422930                    /home/vagrant/wbs-hades/work/test/tomcat/apps/console/ROOT/WEB-INF/lib/log4j-core-javadoc-2.5.jar
7febbbb9c000-7febbbbb4000 r--s 000f7000 08:01 2422929                    /home/vagrant/wbs-hades/work/test/tomcat/apps/console/ROOT/WEB-INF/lib/log4j-core-jar-2.5.jar
7febbbbb4000-7febbbbbd000 r--s 0006f000 08:01 2422928                    /home/vagrant/wbs-hades/work/test/tomcat/apps/console/ROOT/WEB-INF/lib/log4j-bundle-1.2.17.jar
7febbbbbd000-7febbbbc0000 r--s 0001a000 08:01 2422927                    /home/vagrant/wbs-hades/work/test/tomcat/apps/console/ROOT/WEB-INF/lib/log4j-api-jar-2.0.jar
7febbbbc0000-7febbbbcb000 r--s 00090000 08:01 2422926                    /home/vagrant/wbs-hades/work/test/tomcat/apps/console/ROOT/WEB-INF/lib/kafka-clients-jar-0.9.0.0.jar
7febbbbcb000-7febbbbd2000 r--s 00037000 08:01 2422925                    /home/vagrant/wbs-hades/work/test/tomcat/apps/console/ROOT/WEB-INF/lib/junit-jar-4.10.jar
7febbbbd2000-7febbbbd4000 r--s 00005000 08:01 2422924                    /home/vagrant/wbs-hades/work/test/tomcat/apps/console/ROOT/WEB-INF/lib/jta-source-1.1.jar
7febbbbd4000-7febbbbd5000 r--s 00003000 08:01 2422923                    /home/vagrant/wbs-hades/work/test/tomcat/apps/console/ROOT/WEB-INF/lib/jta-jar-1.1.jar
7febbbbd5000-7febbbbd8000 r--s 00006000 08:01 2422922                    /home/vagrant/wbs-hades/work/test/tomcat/apps/console/ROOT/WEB-INF/lib/jsr305-jar-1.3.9.jar
7febbbbd8000-7febbbbde000 r--s 00047000 08:01 2422921                    /home/vagrant/wbs-hades/work/test/tomcat/apps/console/ROOT/WEB-INF/lib/jsoup-jar-1.8.3.jar
7febbbbde000-7febbbbe0000 r--s 00003000 08:01 2422920                    /home/vagrant/wbs-hades/work/test/tomcat/apps/console/ROOT/WEB-INF/lib/json-simple-source-1.1.1.jar
7febbbbe0000-7febbbbe2000 r--s 00014000 08:01 2422919                    /home/vagrant/wbs-hades/work/test/tomcat/apps/console/ROOT/WEB-INF/lib/json-simple-javadoc-1.1.1.jar
7febbbbe2000-7febbbbe3000 r--s 00005000 08:01 2422918                    /home/vagrant/wbs-hades/work/test/tomcat/apps/console/ROOT/WEB-INF/lib/json-simple-bundle-1.1.1.jar
7febbbbe3000-7febbbbe8000 r--s 000b6000 08:01 2422917                    /home/vagrant/wbs-hades/work/test/tomcat/apps/console/ROOT/WEB-INF/lib/joda-time-source-2.9.1.jar
7febbbbe8000-7febbbbf0000 r--s 0013b000 08:01 2422916                    /home/vagrant/wbs-hades/work/test/tomcat/apps/console/ROOT/WEB-INF/lib/joda-time-javadoc-2.9.1.jar
7febbbbf0000-7febbbc00000 r--s 00089000 08:01 2422915                    /home/vagrant/wbs-hades/work/test/tomcat/apps/console/ROOT/WEB-INF/lib/joda-time-jar-2.9.1.jar
7febbbc00000-7febbbc02000 r--s 00008000 08:01 2422914                    /home/vagrant/wbs-hades/work/test/tomcat/apps/console/ROOT/WEB-INF/lib/joda-convert-jar-1.2.jar
7febbbc02000-7febbbc06000 r--s 00037000 08:01 2422913                    /home/vagrant/wbs-hades/work/test/tomcat/apps/console/ROOT/WEB-INF/lib/jeromq-jar-0.3.5.jar
7febbbc06000-7febbbc0f000 r--s 000bd000 08:01 2422912                    /home/vagrant/wbs-hades/work/test/tomcat/apps/console/ROOT/WEB-INF/lib/jdom-source-2.0.2.jar
7febbbc0f000-7febbbc17000 r--s 000ed000 08:01 2422911                    /home/vagrant/wbs-hades/work/test/tomcat/apps/console/ROOT/WEB-INF/lib/jdom-javadoc-2.0.2.jar
7febbbc17000-7febbbc1d000 r--s 00043000 08:01 2422910                    /home/vagrant/wbs-hades/work/test/tomcat/apps/console/ROOT/WEB-INF/lib/jdom-jar-2.0.2.jar
7febbbc1d000-7febbbc21000 r--s 00024000 08:01 2422909                    /home/vagrant/wbs-hades/work/test/tomcat/apps/console/ROOT/WEB-INF/lib/jdeparser-jar-1.0.0.Final.jar
7febbbc21000-7febbbc23000 r--s 00003000 08:01 2422908                    /home/vagrant/wbs-hades/work/test/tomcat/apps/console/ROOT/WEB-INF/lib/jboss-transaction-api_1.1_spec-source-1.0.1.Final.jar
7febbbc23000-7febbbc25000 r--s 0001e000 08:01 2422907                    /home/vagrant/wbs-hades/work/test/tomcat/apps/console/ROOT/WEB-INF/lib/jboss-transaction-api_1.1_spec-javadoc-1.0.1.Final.jar
7febbbc25000-7febbbc27000 r--s 00005000 08:01 2422906                    /home/vagrant/wbs-hades/work/test/tomcat/apps/console/ROOT/WEB-INF/lib/jboss-transaction-api_1.1_spec-jar-1.0.1.Final.jar
7febbbc27000-7febbbc2d000 r--s 00039000 08:01 2422905                    /home/vagrant/wbs-hades/work/test/tomcat/apps/console/ROOT/WEB-INF/lib/jboss-logmanager-jar-1.3.2.Final.jar
7febbbc2d000-7febbbc32000 r--s 00029000 08:01 2422904                    /home/vagrant/wbs-hades/work/test/tomcat/apps/console/ROOT/WEB-INF/lib/jboss-logging-processor-jar-1.2.0.Final.jar
7febbbc32000-7febbbc34000 r--s 0000f000 08:01 2422903                    /home/vagrant/wbs-hades/work/test/tomcat/apps/console/ROOT/WEB-INF/lib/jboss-logging-jar-3.3.0.Final.jar
7febbbc34000-7febbbc35000 r--s 00002000 08:01 2422902                    /home/vagrant/wbs-hades/work/test/tomcat/apps/console/ROOT/WEB-INF/lib/jboss-logging-annotations-jar-1.2.0.Final.jar
7febbbc35000-7febbbc38000 r--s 00007000 08:01 2422901                    /home/vagrant/wbs-hades/work/test/tomcat/apps/console/ROOT/WEB-INF/lib/jboss-jms-api_1.1_spec-jar-1.0.1.Final.jar
7febbbc38000-7febbbc3e000 r--s 00031000 08:01 2422900                    /home/vagrant/wbs-hades/work/test/tomcat/apps/console/ROOT/WEB-INF/lib/jaxen-jar-1.1.3.jar
7febbbc3e000-7febbbc4f000 r--s 000eb000 08:01 2422899                    /home/vagrant/wbs-hades/work/test/tomcat/apps/console/ROOT/WEB-INF/lib/jaxb-runtime-jar-2.2.11.jar
7febbbc4f000-7febbbc5b000 r--s 000ee000 08:01 2422898                    /home/vagrant/wbs-hades/work/test/tomcat/apps/console/ROOT/WEB-INF/lib/jaxb-impl-source-2.2.11.jar
7febbbc5b000-7febbbc6c000 r--s 00188000 08:01 2422897                    /home/vagrant/wbs-hades/work/test/tomcat/apps/console/ROOT/WEB-INF/lib/jaxb-impl-javadoc-2.2.11.jar
7febbbc6c000-7febbbc7e000 r--s 000ee000 08:01 2422896                    /home/vagrant/wbs-hades/work/test/tomcat/apps/console/ROOT/WEB-INF/lib/jaxb-impl-jar-2.2.11.jar
7febbbc7e000-7febbbc83000 r--s 00021000 08:01 2422895                    /home/vagrant/wbs-hades/work/test/tomcat/apps/console/ROOT/WEB-INF/lib/jaxb-core-jar-2.2.11.jar
7febbbc83000-7febbbc86000 r--s 00016000 08:01 2422894                    /home/vagrant/wbs-hades/work/test/tomcat/apps/console/ROOT/WEB-INF/lib/jaxb-api-jar-2.2.12-b140109.1041.jar
7febbbc86000-7febbbc8f000 r--s 00086000 08:01 2422893                    /home/vagrant/wbs-hades/work/test/tomcat/apps/console/ROOT/WEB-INF/lib/javax.mail-jar-1.5.4.jar
7febbbc8f000-7febbbc92000 r--s 0004f000 08:01 2422892                    /home/vagrant/wbs-hades/work/test/tomcat/apps/console/ROOT/WEB-INF/lib/javax.mail-api-source-1.5.5.jar
7febbbc92000-7febbbc99000 r--s 000b6000 08:01 2422891                    /home/vagrant/wbs-hades/work/test/tomcat/apps/console/ROOT/WEB-INF/lib/javax.mail-api-javadoc-1.5.5.jar
7febbbc99000-7febbbc9d000 r--s 0002e000 08:01 2422890                    /home/vagrant/wbs-hades/work/test/tomcat/apps/console/ROOT/WEB-INF/lib/javax.mail-api-jar-1.5.5.jar
7febbbc9d000-7febbbc9e000 r--s 00002000 08:01 2422889                    /home/vagrant/wbs-hades/work/test/tomcat/apps/console/ROOT/WEB-INF/lib/javax.inject-source-1.jar
7febbbc9e000-7febbbc9f000 r--s 00007000 08:01 2422888                    /home/vagrant/wbs-hades/work/test/tomcat/apps/console/ROOT/WEB-INF/lib/javax.inject-javadoc-1.jar
7febbbc9f000-7febbbca0000 r--s 00000000 08:01 2422887                    /home/vagrant/wbs-hades/work/test/tomcat/apps/console/ROOT/WEB-INF/lib/javax.inject-jar-1.jar
7febbbca0000-7febbbca3000 r--s 0001a000 08:01 2422886                    /home/vagrant/wbs-hades/work/test/tomcat/apps/console/ROOT/WEB-INF/lib/javax.el-jar-2.2.4.jar
7febbbca3000-7febbbca5000 r--s 00008000 08:01 2422885                    /home/vagrant/wbs-hades/work/test/tomcat/apps/console/ROOT/WEB-INF/lib/javax.el-api-jar-2.2.4.jar
7febbbca5000-7febbbcab000 r--s 0007a000 08:01 2422884                    /home/vagrant/wbs-hades/work/test/tomcat/apps/console/ROOT/WEB-INF/lib/javassist-source-3.20.0-GA.jar
7febbbcab000-7febbbcba000 r--s 001a9000 08:01 2422883                    /home/vagrant/wbs-hades/work/test/tomcat/apps/console/ROOT/WEB-INF/lib/javassist-javadoc-3.20.0-GA.jar
7febbbcba000-7febbbcc4000 r--s 000ae000 08:01 2422882                    /home/vagrant/wbs-hades/work/test/tomcat/apps/console/ROOT/WEB-INF/lib/javassist-bundle-3.20.0-GA.jar
7febbbcc4000-7febbbcc6000 r--s 0001a000 08:01 2422881                    /home/vagrant/wbs-hades/work/test/tomcat/apps/console/ROOT/WEB-INF/lib/jansi-jar-1.11.jar
7febbbcc6000-7febbbcc9000 r--s 0002b000 08:01 2422880                    /home/vagrant/wbs-hades/work/test/tomcat/apps/console/ROOT/WEB-INF/lib/jandex-bundle-2.0.0.Final.jar
7febbbcc9000-7febbbcca000 r--s 00007000 08:01 2422879                    /home/vagrant/wbs-hades/work/test/tomcat/apps/console/ROOT/WEB-INF/lib/jackson-module-jaxb-annotations-bundle-2.6.3.jar
7febbbcca000-7febbbcd3000 r--s 00046000 08:01 2422878                    /home/vagrant/wbs-hades/work/test/tomcat/apps/console/ROOT/WEB-INF/lib/jackson-dataformat-yaml-bundle-2.6.3.jar
7febbbcd3000-7febbbcd5000 r--s 00015000 08:01 2422877                    /home/vagrant/wbs-hades/work/test/tomcat/apps/console/ROOT/WEB-INF/lib/jackson-dataformat-xml-bundle-2.6.3.jar
7febbbcd5000-7febbbce6000 r--s 0010d000 08:01 2422876                    /home/vagrant/wbs-hades/work/test/tomcat/apps/console/ROOT/WEB-INF/lib/jackson-databind-bundle-2.6.3.jar
7febbbce6000-7febbbcea000 r--s 0003c000 08:01 2422875                    /home/vagrant/wbs-hades/work/test/tomcat/apps/console/ROOT/WEB-INF/lib/jackson-core-bundle-2.6.3.jar
7febbbcea000-7febbbced000 r--s 00009000 08:01 2422874                    /home/vagrant/wbs-hades/work/test/tomcat/apps/console/ROOT/WEB-INF/lib/jackson-annotations-bundle-2.6.0.jar
7febbbced000-7febbbcee000 r--s 00001000 08:01 2422873                    /home/vagrant/wbs-hades/work/test/tomcat/apps/console/ROOT/WEB-INF/lib/j2objc-annotations-jar-0.1.jar
7febbbcee000-7febbbcf0000 r--s 00008000 08:01 2422871                    /home/vagrant/wbs-hades/work/test/tomcat/apps/console/ROOT/WEB-INF/lib/httpmime-source-4.5.1.jar
7febbbcf0000-7febbbcf3000 r--s 0001f000 08:01 2422870                    /home/vagrant/wbs-hades/work/test/tomcat/apps/console/ROOT/WEB-INF/lib/httpmime-javadoc-4.5.1.jar
7febbbcf3000-7febbbcfa000 r--s 00049000 08:01 2422868                    /home/vagrant/wbs-hades/work/test/tomcat/apps/console/ROOT/WEB-INF/lib/httpcore-jar-4.4.3.jar
7febbbcfa000-7febbbd05000 r--s 000a2000 08:01 2422867                    /home/vagrant/wbs-hades/work/test/tomcat/apps/console/ROOT/WEB-INF/lib/httpclient-source-4.5.1.jar
7febbbd05000-7febbbd1c000 r--s 00225000 08:01 2422866                    /home/vagrant/wbs-hades/work/test/tomcat/apps/console/ROOT/WEB-INF/lib/httpclient-javadoc-4.5.1.jar
7febbbd1c000-7febbbd29000 r--s 000a6000 08:01 2422865                    /home/vagrant/wbs-hades/work/test/tomcat/apps/console/ROOT/WEB-INF/lib/httpclient-jar-4.5.1.jar
7febbbd29000-7febbbd38000 r--s 0006f000 08:01 2422864                    /home/vagrant/wbs-hades/work/test/tomcat/apps/console/ROOT/WEB-INF/lib/hibernate-validator-source-5.2.2.Final.jar
7febbbd38000-7febbbd49000 r--s 0009a000 08:01 2422863                    /home/vagrant/wbs-hades/work/test/tomcat/apps/console/ROOT/WEB-INF/lib/hibernate-validator-jar-5.2.2.Final.jar
7febbbd49000-7febbbd97000 r--s 00382000 08:01 2422861                    /home/vagrant/wbs-hades/work/test/tomcat/apps/console/ROOT/WEB-INF/lib/hibernate-core-source-5.0.6.Final.jar
7febbbd97000-7febbbe00000 r--s 004e9000 08:01 2422860                    /home/vagrant/wbs-hades/work/test/tomcat/apps/console/ROOT/WEB-INF/lib/hibernate-core-jar-5.0.6.Final.jar
7febbbe00000-7febbbf80000 rw-p 00000000 00:00 0 
7febbbf80000-7febbc000000 ---p 00000000 00:00 0 
7febbc000000-7febbc021000 rw-p 00000000 00:00 0 
7febbc021000-7febc0000000 ---p 00000000 00:00 0 
7febc0000000-7febc0001000 r--s 00005000 08:01 2422872                    /home/vagrant/wbs-hades/work/test/tomcat/apps/console/ROOT/WEB-INF/lib/istack-commons-runtime-jar-2.21.jar
7febc0001000-7febc0002000 r--s 00009000 08:01 2422869                    /home/vagrant/wbs-hades/work/test/tomcat/apps/console/ROOT/WEB-INF/lib/httpmime-jar-4.5.1.jar
7febc0002000-7febc0007000 r--s 00017000 08:01 2422862                    /home/vagrant/wbs-hades/work/test/tomcat/apps/console/ROOT/WEB-INF/lib/hibernate-jpa-2.1-api-jar-1.0.0.Final.jar
7febc0007000-7febc000a000 r--s 00010000 08:01 2422859                    /home/vagrant/wbs-hades/work/test/tomcat/apps/console/ROOT/WEB-INF/lib/hibernate-commons-annotations-jar-5.0.1.Final.jar
7febc000a000-7febc000c000 r--s 00011000 08:01 2422858                    /home/vagrant/wbs-hades/work/test/tomcat/apps/console/ROOT/WEB-INF/lib/hamcrest-core-jar-1.1.jar
7febc000c000-7febc0018000 r--s 00137000 08:01 2422857                    /home/vagrant/wbs-hades/work/test/tomcat/apps/console/ROOT/WEB-INF/lib/guava-source-19.0.jar
7febc0018000-7febc0037000 r--s 004e6000 08:01 2422856                    /home/vagrant/wbs-hades/work/test/tomcat/apps/console/ROOT/WEB-INF/lib/guava-javadoc-19.0.jar
7febc0037000-7febc0063000 r--s 00208000 08:01 2422855                    /home/vagrant/wbs-hades/work/test/tomcat/apps/console/ROOT/WEB-INF/lib/guava-bundle-19.0.jar
7febc0063000-7febc0068000 r--s 0002a000 08:01 2422854                    /home/vagrant/wbs-hades/work/test/tomcat/apps/console/ROOT/WEB-INF/lib/gson-jar-2.2.2.jar
7febc0068000-7febc006b000 r--s 00039000 08:01 2422853                    /home/vagrant/wbs-hades/work/test/tomcat/apps/console/ROOT/WEB-INF/lib/functionaljava-source-3.0.jar
7febc006b000-7febc006f000 r--s 000b1000 08:01 2422852                    /home/vagrant/wbs-hades/work/test/tomcat/apps/console/ROOT/WEB-INF/lib/functionaljava-javadoc-3.0.jar
7febc006f000-7febc0093000 r--s 0012b000 08:01 2422851                    /home/vagrant/wbs-hades/work/test/tomcat/apps/console/ROOT/WEB-INF/lib/functionaljava-jar-3.0.jar
7febc0093000-7febc0094000 r--s 00001000 08:01 2422850                    /home/vagrant/wbs-hades/work/test/tomcat/apps/console/ROOT/WEB-INF/lib/error_prone_annotations-jar-2.0.2.jar
7febc0094000-7febc0099000 r--s 00048000 08:01 2422849                    /home/vagrant/wbs-hades/work/test/tomcat/apps/console/ROOT/WEB-INF/lib/dom4j-jar-1.6.1.jar
7febc0099000-7febc009c000 r--s 00011000 08:01 2422848                    /home/vagrant/wbs-hades/work/test/tomcat/apps/console/ROOT/WEB-INF/lib/disruptor-jar-3.3.2.jar
7febc009c000-7febc009e000 r--s 0000e000 08:01 2422847                    /home/vagrant/wbs-hades/work/test/tomcat/apps/console/ROOT/WEB-INF/lib/commons-logging-jar-1.2.jar
7febc009e000-7febc00a2000 r--s 00068000 08:01 2422846                    /home/vagrant/wbs-hades/work/test/tomcat/apps/console/ROOT/WEB-INF/lib/commons-lang3-source-3.2.1.jar
7febc00a2000-7febc00ab000 r--s 000ef000 08:01 2422845                    /home/vagrant/wbs-hades/work/test/tomcat/apps/console/ROOT/WEB-INF/lib/commons-lang3-javadoc-3.2.1.jar
7febc00ab000-7febc00b2000 r--s 00058000 08:01 2422844                    /home/vagrant/wbs-hades/work/test/tomcat/apps/console/ROOT/WEB-INF/lib/commons-lang3-jar-3.2.1.jar
7febc00b2000-7febc00b6000 r--s 00039000 08:01 2422843                    /home/vagrant/wbs-hades/work/test/tomcat/apps/console/ROOT/WEB-INF/lib/commons-io-source-2.4.jar
7febc00b6000-7febc00bd000 r--s 000aa000 08:01 2422842                    /home/vagrant/wbs-hades/work/test/tomcat/apps/console/ROOT/WEB-INF/lib/commons-io-javadoc-2.4.jar
7febc00bd000-7febc00c1000 r--s 0002a000 08:01 2422841                    /home/vagrant/wbs-hades/work/test/tomcat/apps/console/ROOT/WEB-INF/lib/commons-io-jar-2.4.jar
7febc00c1000-7febc00c3000 r--s 00014000 08:01 2422840                    /home/vagrant/wbs-hades/work/test/tomcat/apps/console/ROOT/WEB-INF/lib/commons-fileupload-source-1.3.1.jar
7febc00c3000-7febc00c8000 r--s 00046000 08:01 2422839                    /home/vagrant/wbs-hades/work/test/tomcat/apps/console/ROOT/WEB-INF/lib/commons-fileupload-javadoc-1.3.1.jar
7febc00c8000-7febc00ca000 r--s 0000f000 08:01 2422838                    /home/vagrant/wbs-hades/work/test/tomcat/apps/console/ROOT/WEB-INF/lib/commons-fileupload-jar-1.3.1.jar
7febc00ca000-7febc00cc000 r--s 00008000 08:01 2422837                    /home/vagrant/wbs-hades/work/test/tomcat/apps/console/ROOT/WEB-INF/lib/commons-csv-jar-1.2.jar
7febc00cc000-7febc00d3000 r--s 0005d000 08:01 2422836                    /home/vagrant/wbs-hades/work/test/tomcat/apps/console/ROOT/WEB-INF/lib/commons-compress-jar-1.10.jar
7febc00d3000-7febc00da000 r--s 0003a000 08:01 2422835                    /home/vagrant/wbs-hades/work/test/tomcat/apps/console/ROOT/WEB-INF/lib/commons-codec-jar-1.9.jar
7febc00da000-7febc00dc000 r--s 0000e000 08:01 2422834                    /home/vagrant/wbs-hades/work/test/tomcat/apps/console/ROOT/WEB-INF/lib/classmate-bundle-1.1.0.jar
7febc00dc000-7febc00e1000 r--s 00068000 08:01 2422833                    /home/vagrant/wbs-hades/work/test/tomcat/apps/console/ROOT/WEB-INF/lib/antlr-jar-2.7.7.jar
7febc00e1000-7febc00f6000 r--s 001c0000 08:01 2422832                    /home/vagrant/wbs-hades/work/test/tomcat/apps/console/ROOT/WEB-INF/lib/ant-source-1.9.2.jar
7febc00f6000-7febc00f7000 r--s 00004000 08:01 2422831                    /home/vagrant/wbs-hades/work/test/tomcat/apps/console/ROOT/WEB-INF/lib/ant-launcher-jar-1.9.2.jar
7febc00f7000-7febc0119000 r--s 0045d000 08:01 2422830                    /home/vagrant/wbs-hades/work/test/tomcat/apps/console/ROOT/WEB-INF/lib/ant-javadoc-1.9.2.jar
7febc0119000-7febc0137000 r--s 001cb000 08:01 2422829                    /home/vagrant/wbs-hades/work/test/tomcat/apps/console/ROOT/WEB-INF/lib/ant-jar-1.9.2.jar
7febc0137000-7febc0138000 r--s 00000000 08:01 2422828                    /home/vagrant/wbs-hades/work/test/tomcat/apps/console/ROOT/WEB-INF/lib/animal-sniffer-annotations-jar-1.14.jar
7febc0138000-7febc013a000 r--s 0000e000 08:01 2422827                    /home/vagrant/wbs-hades/work/test/tomcat/apps/console/ROOT/WEB-INF/lib/activation-jar-1.1.jar
7febc013a000-7febc013f000 r--s 00044000 08:01 2422826                    /home/vagrant/wbs-hades/work/test/tomcat/apps/console/ROOT/WEB-INF/lib/FastInfoset-jar-1.2.13.jar
7febc013f000-7febc0144000 r--s 00096000 08:01 407714                     /home/vagrant/java/jdk1.8.0_65/jre/lib/jsse.jar
7febc0144000-7febc0156000 r--s 00345000 08:01 407741                     /home/vagrant/java/jdk1.8.0_65/jre/lib/resources.jar
7febc0156000-7febc0159000 ---p 00000000 00:00 0 
7febc0159000-7febc0257000 rw-p 00000000 00:00 0                          [stack:20188]
7febc0257000-7febc025a000 ---p 00000000 00:00 0 
7febc025a000-7febc0558000 rw-p 00000000 00:00 0                          [stack:20187]
7febc0558000-7febc0569000 r-xp 00000000 08:01 407693                     /home/vagrant/java/jdk1.8.0_65/jre/lib/amd64/libnio.so
7febc0569000-7febc0768000 ---p 00011000 08:01 407693                     /home/vagrant/java/jdk1.8.0_65/jre/lib/amd64/libnio.so
7febc0768000-7febc0769000 rw-p 00010000 08:01 407693                     /home/vagrant/java/jdk1.8.0_65/jre/lib/amd64/libnio.so
7febc0769000-7febc077f000 r-xp 00000000 08:01 407666                     /home/vagrant/java/jdk1.8.0_65/jre/lib/amd64/libnet.so
7febc077f000-7febc097f000 ---p 00016000 08:01 407666                     /home/vagrant/java/jdk1.8.0_65/jre/lib/amd64/libnet.so
7febc097f000-7febc0980000 rw-p 00016000 08:01 407666                     /home/vagrant/java/jdk1.8.0_65/jre/lib/amd64/libnet.so
7febc0980000-7febc0988000 r-xp 00000000 08:01 407652                     /home/vagrant/java/jdk1.8.0_65/jre/lib/amd64/libmanagement.so
7febc0988000-7febc0b88000 ---p 00008000 08:01 407652                     /home/vagrant/java/jdk1.8.0_65/jre/lib/amd64/libmanagement.so
7febc0b88000-7febc0b89000 rw-p 00008000 08:01 407652                     /home/vagrant/java/jdk1.8.0_65/jre/lib/amd64/libmanagement.so
7febc0b89000-7febc0ba5000 r--s 00393000 08:01 407727                     /home/vagrant/java/jdk1.8.0_65/jre/lib/ext/cldrdata.jar
7febc0ba5000-7febc0baf000 r--s 00116000 08:01 407720                     /home/vagrant/java/jdk1.8.0_65/jre/lib/ext/localedata.jar
7febc0baf000-7febc0bb6000 r--s 0008c000 08:01 2232965                    /home/vagrant/wbs-hades/work/test/tomcat/lib/jasper.jar
7febc0bb6000-7febc0bba000 r--s 0003c000 08:01 2232960                    /home/vagrant/wbs-hades/work/test/tomcat/lib/catalina-tribes.jar
7febc0bba000-7febc0bbc000 r--s 00007000 08:01 2232975                    /home/vagrant/wbs-hades/work/test/tomcat/lib/tomcat-util.jar
7febc0bbc000-7febc0bce000 r--s 00223000 08:01 2232962                    /home/vagrant/wbs-hades/work/test/tomcat/lib/ecj-4.4.2.jar
7febc0bce000-7febc0bd0000 r--s 00010000 08:01 2232971                    /home/vagrant/wbs-hades/work/test/tomcat/lib/tomcat-i18n-es.jar
7febc0bd0000-7febc0bd2000 r--s 0000a000 08:01 2232973                    /home/vagrant/wbs-hades/work/test/tomcat/lib/tomcat-i18n-ja.jar
7febc0bd2000-7febc0bd5000 r--s 00013000 08:01 2232966                    /home/vagrant/wbs-hades/work/test/tomcat/lib/jsp-api.jar
7febc0bd5000-7febc0bd8000 r--s 0001d000 08:01 2232974                    /home/vagrant/wbs-hades/work/test/tomcat/lib/tomcat-jdbc.jar
7febc0bd8000-7febc0bdb000 r--s 0002e000 08:01 2232967                    /home/vagrant/wbs-hades/work/test/tomcat/lib/servlet-api.jar
7febc0bdb000-7febc0bde000 r--s 0001c000 08:01 2232964                    /home/vagrant/wbs-hades/work/test/tomcat/lib/jasper-el.jar
7febc0bde000-7febc0bdf000 ---p 00000000 00:00 0 
7febc0bdf000-7febc0cdf000 rw-p 00000000 00:00 0                          [stack:20186]
7febc0cdf000-7febc0ce2000 ---p 00000000 00:00 0 
7febc0ce2000-7febc0de0000 rw-p 00000000 00:00 0                          [stack:20185]
7febc0de0000-7febc0de3000 ---p 00000000 00:00 0 
7febc0de3000-7febc0ee1000 rw-p 00000000 00:00 0                          [stack:20184]
7febc0ee1000-7febc0ee4000 ---p 00000000 00:00 0 
7febc0ee4000-7febc0fe2000 rw-p 00000000 00:00 0                          [stack:20183]
7febc0fe2000-7febc0fe5000 ---p 00000000 00:00 0 
7febc0fe5000-7febc10e3000 rw-p 00000000 00:00 0                          [stack:20182]
7febc10e3000-7febc10e6000 ---p 00000000 00:00 0 
7febc10e6000-7febc11e4000 rw-p 00000000 00:00 0                          [stack:20181]
7febc11e4000-7febc120a000 r--p 00000000 08:01 41924                      /usr/lib/locale/C.UTF-8/LC_CTYPE
7febc120a000-7febc1379000 r--p 00000000 08:01 46348                      /usr/lib/locale/C.UTF-8/LC_COLLATE
7febc1379000-7febc1502000 r--p 00000000 08:01 36257                      /usr/lib/locale/locale-archive
7febc1502000-7febc1505000 ---p 00000000 00:00 0 
7febc1505000-7febc1603000 rw-p 00000000 00:00 0                          [stack:20180]
7febc1603000-7febc1606000 ---p 00000000 00:00 0 
7febc1606000-7febc1704000 rw-p 00000000 00:00 0                          [stack:20179]
7febc1704000-7febc1705000 ---p 00000000 00:00 0 
7febc1705000-7febc5000000 rw-p 00000000 00:00 0                          [stack:20178]
7febc5000000-7febc5630000 rwxp 00000000 00:00 0 
7febc5630000-7febd4000000 ---p 00000000 00:00 0 
7febd4000000-7febd4715000 rw-p 00000000 00:00 0 
7febd4715000-7febd8000000 ---p 00000000 00:00 0 
7febd8000000-7febd8002000 r--s 00007000 08:01 2232977                    /home/vagrant/wbs-hades/work/test/tomcat/lib/websocket-api.jar
7febd8002000-7febd800f000 r--s 000b5000 08:01 2232969                    /home/vagrant/wbs-hades/work/test/tomcat/lib/tomcat-coyote.jar
7febd800f000-7febd8013000 r--s 00036000 08:01 2232970                    /home/vagrant/wbs-hades/work/test/tomcat/lib/tomcat-dbcp.jar
7febd8013000-7febd8014000 r--s 0000a000 08:01 2232972                    /home/vagrant/wbs-hades/work/test/tomcat/lib/tomcat-i18n-fr.jar
7febd8014000-7febd8019000 r--s 00030000 08:01 2232976                    /home/vagrant/wbs-hades/work/test/tomcat/lib/tomcat7-websocket.jar
7febd8019000-7febd801b000 r--s 0000c000 08:01 2232958                    /home/vagrant/wbs-hades/work/test/tomcat/lib/catalina-ant.jar
7febd801b000-7febd801e000 r--s 0001e000 08:01 2232959                    /home/vagrant/wbs-hades/work/test/tomcat/lib/catalina-ha.jar
7febd801e000-7febd86b5000 rw-p 00000000 00:00 0 
7febd86b5000-7febd888d000 r--s 03d20000 08:01 407711                     /home/vagrant/java/jdk1.8.0_65/jre/lib/rt.jar
7febd888d000-7febd93ee000 rw-p 00000000 00:00 0 
7febd93ee000-7febd93ef000 ---p 00000000 00:00 0 
7febd93ef000-7febd94ef000 rw-p 00000000 00:00 0                          [stack:20177]
7febd94ef000-7febd94f0000 ---p 00000000 00:00 0 
7febd94f0000-7febd95f0000 rw-p 00000000 00:00 0                          [stack:20176]
7febd95f0000-7febd95f1000 ---p 00000000 00:00 0 
7febd95f1000-7febd96f1000 rw-p 00000000 00:00 0                          [stack:20175]
7febd96f1000-7febd96f2000 ---p 00000000 00:00 0 
7febd96f2000-7febd9812000 rw-p 00000000 00:00 0                          [stack:20174]
7febd9812000-7febd99e4000 ---p 00000000 00:00 0 
7febd99e4000-7febd9a04000 rw-p 00000000 00:00 0 
7febd9a04000-7febd9bd6000 ---p 00000000 00:00 0 
7febd9bd6000-7febd9c0f000 rw-p 00000000 00:00 0 
7febd9c0f000-7febd9ccf000 ---p 00000000 00:00 0 
7febd9ccf000-7febd9ce9000 rw-p 00000000 00:00 0 
7febd9ce9000-7febda090000 ---p 00000000 00:00 0 
7febda090000-7febda0aa000 r-xp 00000000 08:01 407661                     /home/vagrant/java/jdk1.8.0_65/jre/lib/amd64/libzip.so
7febda0aa000-7febda2aa000 ---p 0001a000 08:01 407661                     /home/vagrant/java/jdk1.8.0_65/jre/lib/amd64/libzip.so
7febda2aa000-7febda2ab000 rw-p 0001a000 08:01 407661                     /home/vagrant/java/jdk1.8.0_65/jre/lib/amd64/libzip.so
7febda2ab000-7febda2b6000 r-xp 00000000 08:01 62765                      /lib/x86_64-linux-gnu/libnss_files-2.19.so
7febda2b6000-7febda4b5000 ---p 0000b000 08:01 62765                      /lib/x86_64-linux-gnu/libnss_files-2.19.so
7febda4b5000-7febda4b6000 r--p 0000a000 08:01 62765                      /lib/x86_64-linux-gnu/libnss_files-2.19.so
7febda4b6000-7febda4b7000 rw-p 0000b000 08:01 62765                      /lib/x86_64-linux-gnu/libnss_files-2.19.so
7febda4b7000-7febda4c2000 r-xp 00000000 08:01 62805                      /lib/x86_64-linux-gnu/libnss_nis-2.19.so
7febda4c2000-7febda6c1000 ---p 0000b000 08:01 62805                      /lib/x86_64-linux-gnu/libnss_nis-2.19.so
7febda6c1000-7febda6c2000 r--p 0000a000 08:01 62805                      /lib/x86_64-linux-gnu/libnss_nis-2.19.so
7febda6c2000-7febda6c3000 rw-p 0000b000 08:01 62805                      /lib/x86_64-linux-gnu/libnss_nis-2.19.so
7febda6c3000-7febda6da000 r-xp 00000000 08:01 62783                      /lib/x86_64-linux-gnu/libnsl-2.19.so
7febda6da000-7febda8d9000 ---p 00017000 08:01 62783                      /lib/x86_64-linux-gnu/libnsl-2.19.so
7febda8d9000-7febda8da000 r--p 00016000 08:01 62783                      /lib/x86_64-linux-gnu/libnsl-2.19.so
7febda8da000-7febda8db000 rw-p 00017000 08:01 62783                      /lib/x86_64-linux-gnu/libnsl-2.19.so
7febda8db000-7febda8dd000 rw-p 00000000 00:00 0 
7febda8dd000-7febda8e6000 r-xp 00000000 08:01 62781                      /lib/x86_64-linux-gnu/libnss_compat-2.19.so
7febda8e6000-7febdaae5000 ---p 00009000 08:01 62781                      /lib/x86_64-linux-gnu/libnss_compat-2.19.so
7febdaae5000-7febdaae6000 r--p 00008000 08:01 62781                      /lib/x86_64-linux-gnu/libnss_compat-2.19.so
7febdaae6000-7febdaae7000 rw-p 00009000 08:01 62781                      /lib/x86_64-linux-gnu/libnss_compat-2.19.so
7febdaae7000-7febdab11000 r-xp 00000000 08:01 407639                     /home/vagrant/java/jdk1.8.0_65/jre/lib/amd64/libjava.so
7febdab11000-7febdad11000 ---p 0002a000 08:01 407639                     /home/vagrant/java/jdk1.8.0_65/jre/lib/amd64/libjava.so
7febdad11000-7febdad13000 rw-p 0002a000 08:01 407639                     /home/vagrant/java/jdk1.8.0_65/jre/lib/amd64/libjava.so
7febdad13000-7febdad20000 r-xp 00000000 08:01 407655                     /home/vagrant/java/jdk1.8.0_65/jre/lib/amd64/libverify.so
7febdad20000-7febdaf20000 ---p 0000d000 08:01 407655                     /home/vagrant/java/jdk1.8.0_65/jre/lib/amd64/libverify.so
7febdaf20000-7febdaf22000 rw-p 0000d000 08:01 407655                     /home/vagrant/java/jdk1.8.0_65/jre/lib/amd64/libverify.so
7febdaf22000-7febdaf29000 r-xp 00000000 08:01 62799                      /lib/x86_64-linux-gnu/librt-2.19.so
7febdaf29000-7febdb128000 ---p 00007000 08:01 62799                      /lib/x86_64-linux-gnu/librt-2.19.so
7febdb128000-7febdb129000 r--p 00006000 08:01 62799                      /lib/x86_64-linux-gnu/librt-2.19.so
7febdb129000-7febdb12a000 rw-p 00007000 08:01 62799                      /lib/x86_64-linux-gnu/librt-2.19.so
7febdb12a000-7febdb22f000 r-xp 00000000 08:01 62763                      /lib/x86_64-linux-gnu/libm-2.19.so
7febdb22f000-7febdb42e000 ---p 00105000 08:01 62763                      /lib/x86_64-linux-gnu/libm-2.19.so
7febdb42e000-7febdb42f000 r--p 00104000 08:01 62763                      /lib/x86_64-linux-gnu/libm-2.19.so
7febdb42f000-7febdb430000 rw-p 00105000 08:01 62763                      /lib/x86_64-linux-gnu/libm-2.19.so
7febdb430000-7febdc0ee000 r-xp 00000000 08:01 407677                     /home/vagrant/java/jdk1.8.0_65/jre/lib/amd64/server/libjvm.so
7febdc0ee000-7febdc2ed000 ---p 00cbe000 08:01 407677                     /home/vagrant/java/jdk1.8.0_65/jre/lib/amd64/server/libjvm.so
7febdc2ed000-7febdc3c5000 rw-p 00cbd000 08:01 407677                     /home/vagrant/java/jdk1.8.0_65/jre/lib/amd64/server/libjvm.so
7febdc3c5000-7febdc40a000 rw-p 00000000 00:00 0 
7febdc40a000-7febdc5c5000 r-xp 00000000 08:01 62793                      /lib/x86_64-linux-gnu/libc-2.19.so
7febdc5c5000-7febdc7c4000 ---p 001bb000 08:01 62793                      /lib/x86_64-linux-gnu/libc-2.19.so
7febdc7c4000-7febdc7c8000 r--p 001ba000 08:01 62793                      /lib/x86_64-linux-gnu/libc-2.19.so
7febdc7c8000-7febdc7ca000 rw-p 001be000 08:01 62793                      /lib/x86_64-linux-gnu/libc-2.19.so
7febdc7ca000-7febdc7cf000 rw-p 00000000 00:00 0 
7febdc7cf000-7febdc7d2000 r-xp 00000000 08:01 62771                      /lib/x86_64-linux-gnu/libdl-2.19.so
7febdc7d2000-7febdc9d1000 ---p 00003000 08:01 62771                      /lib/x86_64-linux-gnu/libdl-2.19.so
7febdc9d1000-7febdc9d2000 r--p 00002000 08:01 62771                      /lib/x86_64-linux-gnu/libdl-2.19.so
7febdc9d2000-7febdc9d3000 rw-p 00003000 08:01 62771                      /lib/x86_64-linux-gnu/libdl-2.19.so
7febdc9d3000-7febdc9e8000 r-xp 00000000 08:01 405267                     /home/vagrant/java/jdk1.8.0_65/lib/amd64/jli/libjli.so
7febdc9e8000-7febdcbe8000 ---p 00015000 08:01 405267                     /home/vagrant/java/jdk1.8.0_65/lib/amd64/jli/libjli.so
7febdcbe8000-7febdcbe9000 rw-p 00015000 08:01 405267                     /home/vagrant/java/jdk1.8.0_65/lib/amd64/jli/libjli.so
7febdcbe9000-7febdcc02000 r-xp 00000000 08:01 62795                      /lib/x86_64-linux-gnu/libpthread-2.19.so
7febdcc02000-7febdce01000 ---p 00019000 08:01 62795                      /lib/x86_64-linux-gnu/libpthread-2.19.so
7febdce01000-7febdce02000 r--p 00018000 08:01 62795                      /lib/x86_64-linux-gnu/libpthread-2.19.so
7febdce02000-7febdce03000 rw-p 00019000 08:01 62795                      /lib/x86_64-linux-gnu/libpthread-2.19.so
7febdce03000-7febdce07000 rw-p 00000000 00:00 0 
7febdce07000-7febdce2a000 r-xp 00000000 08:01 62787                      /lib/x86_64-linux-gnu/ld-2.19.so
7febdce2a000-7febdce2b000 r--s 00001000 08:01 2232968                    /home/vagrant/wbs-hades/work/test/tomcat/lib/tomcat-api.jar
7febdce2b000-7febdce2d000 r--s 0000c000 08:01 2232963                    /home/vagrant/wbs-hades/work/test/tomcat/lib/el-api.jar
7febdce2d000-7febdce40000 r--s 00181000 08:01 2232961                    /home/vagrant/wbs-hades/work/test/tomcat/lib/catalina.jar
7febdce40000-7febdce41000 r--s 00003000 08:01 2232957                    /home/vagrant/wbs-hades/work/test/tomcat/lib/annotations-api.jar
7febdce41000-7febdce43000 r--s 00008000 08:01 2232953                    /home/vagrant/wbs-hades/work/test/tomcat/bin/tomcat-juli.jar
7febdce43000-7febdce44000 r--s 00005000 08:01 2232947                    /home/vagrant/wbs-hades/work/test/tomcat/bin/commons-daemon.jar
7febdce44000-7febdce45000 r--s 00006000 08:01 2232943                    /home/vagrant/wbs-hades/work/test/tomcat/bin/bootstrap.jar
7febdce45000-7febdce46000 r--p 00000000 08:01 46344                      /usr/lib/locale/C.UTF-8/LC_NUMERIC
7febdce46000-7febdce47000 r--p 00000000 08:01 55706                      /usr/lib/locale/C.UTF-8/LC_TIME
7febdce47000-7febdce48000 r--p 00000000 08:01 46343                      /usr/lib/locale/C.UTF-8/LC_MONETARY
7febdce48000-7febdce49000 r--p 00000000 08:01 46340                      /usr/lib/locale/C.UTF-8/LC_MESSAGES/SYS_LC_MESSAGES
7febdce49000-7febdcf0b000 rw-p 00000000 00:00 0 
7febdcf0b000-7febdcf0e000 ---p 00000000 00:00 0 
7febdcf0e000-7febdd010000 rw-p 00000000 00:00 0                          [stack:20173]
7febdd010000-7febdd011000 r--p 00000000 08:01 46346                      /usr/lib/locale/C.UTF-8/LC_PAPER
7febdd011000-7febdd012000 r--p 00000000 08:01 41925                      /usr/lib/locale/C.UTF-8/LC_NAME
7febdd012000-7febdd013000 r--p 00000000 08:01 46345                      /usr/lib/locale/C.UTF-8/LC_ADDRESS
7febdd013000-7febdd014000 r--p 00000000 08:01 46347                      /usr/lib/locale/C.UTF-8/LC_TELEPHONE
7febdd014000-7febdd015000 r--p 00000000 08:01 41926                      /usr/lib/locale/C.UTF-8/LC_MEASUREMENT
7febdd015000-7febdd01c000 r--s 00000000 08:01 62599                      /usr/lib/x86_64-linux-gnu/gconv/gconv-modules.cache
7febdd01c000-7febdd01d000 r--p 00000000 08:01 41923                      /usr/lib/locale/C.UTF-8/LC_IDENTIFICATION
7febdd01d000-7febdd025000 rw-s 00000000 08:01 408826                     /tmp/hsperfdata_vagrant/20166
7febdd025000-7febdd026000 rw-p 00000000 00:00 0 
7febdd026000-7febdd027000 ---p 00000000 00:00 0 
7febdd027000-7febdd029000 rw-p 00000000 00:00 0 
7febdd029000-7febdd02a000 r--p 00022000 08:01 62787                      /lib/x86_64-linux-gnu/ld-2.19.so
7febdd02a000-7febdd02b000 rw-p 00023000 08:01 62787                      /lib/x86_64-linux-gnu/ld-2.19.so
7febdd02b000-7febdd02c000 rw-p 00000000 00:00 0 
7ffec8111000-7ffec8132000 rw-p 00000000 00:00 0                          [stack]
7ffec8148000-7ffec814a000 r-xp 00000000 00:00 0                          [vdso]
ffffffffff600000-ffffffffff601000 r-xp 00000000 00:00 0                  [vsyscall]

VM Arguments:
jvm_args: -Djava.util.logging.config.file=/home/vagrant/wbs-hades/work/test/tomcat/conf/logging.properties -Djava.util.logging.manager=org.apache.juli.ClassLoaderLogManager -Djava.endorsed.dirs=/home/vagrant/wbs-hades/work/test/tomcat/endorsed -Dcatalina.base=/home/vagrant/wbs-hades/work/test/tomcat -Dcatalina.home=/home/vagrant/wbs-hades/work/test/tomcat -Djava.io.tmpdir=/home/vagrant/wbs-hades/work/test/tomcat/temp 
java_command: org.apache.catalina.startup.Bootstrap start
java_class_path (initial): /home/vagrant/wbs-hades/work/test/tomcat/bin/bootstrap.jar:/home/vagrant/wbs-hades/work/test/tomcat/bin/tomcat-juli.jar
Launcher Type: SUN_STANDARD

Environment Variables:
JAVA_HOME=/home/vagrant/java/jdk1.8.0_65
PATH=/home/vagrant/bin:/home/vagrant/.cabal/bin:/home/vagrant/ghc/ghc-7.8.3/bin:/home/vagrant/java/jdk1.8.0_65/bin:/home/vagrant/wbs-ansible/ansible/bin:/usr/local/sbin:/usr/local/bin:/usr/sbin:/usr/bin:/sbin:/bin:/usr/games:/usr/local/games
SHELL=/bin/bash
DISPLAY=localhost:10.0

Signal Handlers:
SIGSEGV: [libjvm.so+0xaba070], sa_mask[0]=11111111011111111101111111111110, sa_flags=SA_RESTART|SA_SIGINFO
SIGBUS: [libjvm.so+0xaba070], sa_mask[0]=11111111011111111101111111111110, sa_flags=SA_RESTART|SA_SIGINFO
SIGFPE: [libjvm.so+0x917630], sa_mask[0]=11111111011111111101111111111110, sa_flags=SA_RESTART|SA_SIGINFO
SIGPIPE: [libjvm.so+0x917630], sa_mask[0]=11111111011111111101111111111110, sa_flags=SA_RESTART|SA_SIGINFO
SIGXFSZ: [libjvm.so+0x917630], sa_mask[0]=11111111011111111101111111111110, sa_flags=SA_RESTART|SA_SIGINFO
SIGILL: [libjvm.so+0x917630], sa_mask[0]=11111111011111111101111111111110, sa_flags=SA_RESTART|SA_SIGINFO
SIGUSR1: SIG_DFL, sa_mask[0]=00000000000000000000000000000000, sa_flags=none
SIGUSR2: [libjvm.so+0x918c60], sa_mask[0]=00100000000000000000000000000000, sa_flags=SA_RESTART|SA_SIGINFO
SIGHUP: [libjvm.so+0x91a060], sa_mask[0]=11111111011111111101111111111110, sa_flags=SA_RESTART|SA_SIGINFO
SIGINT: [libjvm.so+0x91a060], sa_mask[0]=11111111011111111101111111111110, sa_flags=SA_RESTART|SA_SIGINFO
SIGTERM: [libjvm.so+0x91a060], sa_mask[0]=11111111011111111101111111111110, sa_flags=SA_RESTART|SA_SIGINFO
SIGQUIT: [libjvm.so+0x91a060], sa_mask[0]=11111111011111111101111111111110, sa_flags=SA_RESTART|SA_SIGINFO


---------------  S Y S T E M  ---------------

OS:DISTRIB_ID=Ubuntu
DISTRIB_RELEASE=14.04
DISTRIB_CODENAME=trusty
DISTRIB_DESCRIPTION="Ubuntu 14.04.3 LTS"

uname:Linux 3.13.0-74-generic #118-Ubuntu SMP Thu Dec 17 22:52:10 UTC 2015 x86_64
libc:glibc 2.19 NPTL 2.19 
rlimit: STACK 8192k, CORE 0k, NPROC 47638, NOFILE 4096, AS infinity
load average:4.02 2.90 1.30

/proc/meminfo:
MemTotal:        6112384 kB
MemFree:          119024 kB
Buffers:           28016 kB
Cached:           130496 kB
SwapCached:            0 kB
Active:          5706844 kB
Inactive:          96100 kB
Active(anon):    5673584 kB
Inactive(anon):    60468 kB
Active(file):      33260 kB
Inactive(file):    35632 kB
Unevictable:           0 kB
Mlocked:               0 kB
SwapTotal:             0 kB
SwapFree:              0 kB
Dirty:               220 kB
Writeback:             0 kB
AnonPages:       5645076 kB
Mapped:           110416 kB
Shmem:             89296 kB
Slab:              74076 kB
SReclaimable:      43088 kB
SUnreclaim:        30988 kB
KernelStack:        4040 kB
PageTables:        35176 kB
NFS_Unstable:          0 kB
Bounce:                0 kB
WritebackTmp:          0 kB
CommitLimit:     3056192 kB
Committed_AS:    7888140 kB
VmallocTotal:   34359738367 kB
VmallocUsed:       71492 kB
VmallocChunk:   34359645204 kB
HardwareCorrupted:     0 kB
AnonHugePages:   1378304 kB
HugePages_Total:       0
HugePages_Free:        0
HugePages_Rsvd:        0
HugePages_Surp:        0
Hugepagesize:       2048 kB
DirectMap4k:       83904 kB
DirectMap2M:     6207488 kB


CPU:total 4 (4 cores per cpu, 1 threads per core) family 6 model 60 stepping 3, cmov, cx8, fxsr, mmx, sse, sse2, sse3, ssse3, sse4.1, sse4.2, popcnt, avx, aes, clmul, lzcnt, tsc, tscinvbit

/proc/cpuinfo:
processor	: 0
vendor_id	: GenuineIntel
cpu family	: 6
model		: 60
model name	: Intel(R) Core(TM) i7-4710MQ CPU @ 2.50GHz
stepping	: 3
cpu MHz		: 2494.272
cache size	: 6144 KB
physical id	: 0
siblings	: 4
core id		: 0
cpu cores	: 4
apicid		: 0
initial apicid	: 0
fpu		: yes
fpu_exception	: yes
cpuid level	: 13
wp		: yes
flags		: fpu vme de pse tsc msr pae mce cx8 apic sep mtrr pge mca cmov pat pse36 clflush mmx fxsr sse sse2 ht syscall nx rdtscp lm constant_tsc rep_good nopl xtopology nonstop_tsc pni pclmulqdq ssse3 cx16 sse4_1 sse4_2 movbe popcnt aes xsave avx rdrand lahf_lm abm
bogomips	: 4988.54
clflush size	: 64
cache_alignment	: 64
address sizes	: 39 bits physical, 48 bits virtual
power management:

processor	: 1
vendor_id	: GenuineIntel
cpu family	: 6
model		: 60
model name	: Intel(R) Core(TM) i7-4710MQ CPU @ 2.50GHz
stepping	: 3
cpu MHz		: 2494.272
cache size	: 6144 KB
physical id	: 0
siblings	: 4
core id		: 1
cpu cores	: 4
apicid		: 1
initial apicid	: 1
fpu		: yes
fpu_exception	: yes
cpuid level	: 13
wp		: yes
flags		: fpu vme de pse tsc msr pae mce cx8 apic sep mtrr pge mca cmov pat pse36 clflush mmx fxsr sse sse2 ht syscall nx rdtscp lm constant_tsc rep_good nopl xtopology nonstop_tsc pni pclmulqdq ssse3 cx16 sse4_1 sse4_2 movbe popcnt aes xsave avx rdrand lahf_lm abm
bogomips	: 4988.54
clflush size	: 64
cache_alignment	: 64
address sizes	: 39 bits physical, 48 bits virtual
power management:

processor	: 2
vendor_id	: GenuineIntel
cpu family	: 6
model		: 60
model name	: Intel(R) Core(TM) i7-4710MQ CPU @ 2.50GHz
stepping	: 3
cpu MHz		: 2494.272
cache size	: 6144 KB
physical id	: 0
siblings	: 4
core id		: 2
cpu cores	: 4
apicid		: 2
initial apicid	: 2
fpu		: yes
fpu_exception	: yes
cpuid level	: 13
wp		: yes
flags		: fpu vme de pse tsc msr pae mce cx8 apic sep mtrr pge mca cmov pat pse36 clflush mmx fxsr sse sse2 ht syscall nx rdtscp lm constant_tsc rep_good nopl xtopology nonstop_tsc pni pclmulqdq ssse3 cx16 sse4_1 sse4_2 movbe popcnt aes xsave avx rdrand lahf_lm abm
bogomips	: 4988.54
clflush size	: 64
cache_alignment	: 64
address sizes	: 39 bits physical, 48 bits virtual
power management:

processor	: 3
vendor_id	: GenuineIntel
cpu family	: 6
model		: 60
model name	: Intel(R) Core(TM) i7-4710MQ CPU @ 2.50GHz
stepping	: 3
cpu MHz		: 2494.272
cache size	: 6144 KB
physical id	: 0
siblings	: 4
core id		: 3
cpu cores	: 4
apicid		: 3
initial apicid	: 3
fpu		: yes
fpu_exception	: yes
cpuid level	: 13
wp		: yes
flags		: fpu vme de pse tsc msr pae mce cx8 apic sep mtrr pge mca cmov pat pse36 clflush mmx fxsr sse sse2 ht syscall nx rdtscp lm constant_tsc rep_good nopl xtopology nonstop_tsc pni pclmulqdq ssse3 cx16 sse4_1 sse4_2 movbe popcnt aes xsave avx rdrand lahf_lm abm
bogomips	: 4988.54
clflush size	: 64
cache_alignment	: 64
address sizes	: 39 bits physical, 48 bits virtual
power management:



Memory: 4k page, physical 6112384k(119024k free), swap 0k(0k free)

vm_info: Java HotSpot(TM) 64-Bit Server VM (25.65-b01) for linux-amd64 JRE (1.8.0_65-b17), built on Oct  6 2015 17:16:12 by "java_re" with gcc 4.3.0 20080428 (Red Hat 4.3.0-8)

time: Sun Jan 31 11:56:31 2016
elapsed time: 2 seconds (0d 0h 0m 2s)

